<?xml version="1.0" encoding="UTF-8"?>
<testsuite name="org.example.AppTest" tests="1" skipped="0" failures="0" errors="0" timestamp="2023-01-15T23:05:32" hostname="LAPTOP-521UOD14" time="0.004">
  <properties/>
  <testcase name="testAppHasAGreeting" classname="org.example.AppTest" time="0.004"/>
  <system-out><![CDATA[]]></system-out>
  <system-err><![CDATA[]]></system-err>
</testsuite>
