<?xml version="1.0" encoding="UTF-8"?>
<testsuite name="org.example.AppTest" tests="1" skipped="0" failures="0" errors="0" timestamp="2023-01-15T23:08:52" hostname="LAPTOP-521UOD14" time="0.003">
  <properties/>
  <testcase name="testAppHasAGreeting" classname="org.example.AppTest" time="0.003"/>
  <system-out><![CDATA[]]></system-out>
  <system-err><![CDATA[]]></system-err>
</testsuite>
